<?xml version="1.0" encoding="UTF-8"?>
<!-- Generated by org.testng.reporters.JUnitReportReporter -->
<testsuite hostname="EC2AMAZ-S11DBRH" failures="0" tests="1" name="practice.AlertsPractice" time="17.872" errors="0" timestamp="2024-02-02T04:26:41 GMT" skipped="0">
  <testcase classname="practice.AlertsPractice" name="test1" time="17.872"/>
</testsuite> <!-- practice.AlertsPractice -->
