<?xml version="1.0" encoding="UTF-8"?>
<!-- Generated by org.testng.reporters.JUnitReportReporter -->
<testsuite hostname="EC2AMAZ-S11DBRH" failures="0" tests="1" name="practice.AlertsPractice" time="29.118" errors="0" timestamp="2024-02-05T05:07:29 GMT" skipped="0">
  <testcase classname="practice.AlertsPractice" name="test1" time="29.118"/>
</testsuite> <!-- practice.AlertsPractice -->
